2022-07-28 09:10:47.938  INFO 14688 --- [main] c.example.project1.Project1Application   : Starting Project1Application using Java 11.0.15 on DESKTOP-VO3SPUR with PID 14688 (C:\Users\user\IdeaProjects\Project1\target\classes started by user in C:\Users\user\IdeaProjects\Project1)
2022-07-28 09:10:47.944  INFO 14688 --- [main] c.example.project1.Project1Application   : No active profile set, falling back to 1 default profile: "default"
2022-07-28 09:10:48.310  INFO 14688 --- [main] .s.d.r.c.RepositoryConfigurationDelegate : Bootstrapping Spring Data R2DBC repositories in DEFAULT mode.
2022-07-28 09:10:48.357  INFO 14688 --- [main] .s.d.r.c.RepositoryConfigurationDelegate : Finished Spring Data repository scanning in 43 ms. Found 1 R2DBC repository interfaces.
2022-07-28 09:10:50.097 DEBUG 14688 --- [main] s.w.r.r.m.a.RequestMappingHandlerMapping : 3 mappings in 'requestMappingHandlerMapping'
2022-07-28 09:10:50.105 DEBUG 14688 --- [main] o.s.w.r.handler.SimpleUrlHandlerMapping  : Patterns [/webjars/**, /**] in 'resourceHandlerMapping'
2022-07-28 09:10:50.120 DEBUG 14688 --- [main] o.s.w.r.r.m.a.ControllerMethodResolver   : ControllerAdvice beans: none
2022-07-28 09:10:50.132 DEBUG 14688 --- [main] o.s.w.s.adapter.HttpWebHandlerAdapter    : enableLoggingRequestDetails='false': form data and headers will be masked to prevent unsafe logging of potentially sensitive data
2022-07-28 09:10:50.300  INFO 14688 --- [main] o.s.b.web.embedded.netty.NettyWebServer  : Netty started on port 8080
2022-07-28 09:10:50.308  INFO 14688 --- [main] c.example.project1.Project1Application   : Started Project1Application in 2.686 seconds (JVM running for 3.28)
2022-07-28 09:11:15.136 DEBUG 14688 --- [reactor-http-nio-3] o.s.w.s.adapter.HttpWebHandlerAdapter    : [33279ac9-1] HTTP POST "/auth/registration"
2022-07-28 09:11:15.168 DEBUG 14688 --- [parallel-2] o.s.w.s.s.DefaultWebSessionManager       : Created new WebSession.
2022-07-28 09:11:15.179 DEBUG 14688 --- [parallel-2] s.w.r.r.m.a.RequestMappingHandlerMapping : [33279ac9-1] Mapped to com.example.project1.controller.AuthController#createPerson(Person)
2022-07-28 09:11:15.187 DEBUG 14688 --- [parallel-2] .r.m.a.RequestBodyMethodArgumentResolver : [33279ac9-1] Content-Type:application/json
2022-07-28 09:11:15.190 DEBUG 14688 --- [parallel-2] .r.m.a.RequestBodyMethodArgumentResolver : [33279ac9-1] 0..1 [com.example.project1.model.Person]
2022-07-28 09:11:15.203 DEBUG 14688 --- [reactor-http-nio-3] org.springframework.web.HttpLogging      : [33279ac9-1] Decoded [com.example.project1.model.Person@4f9f7790]
2022-07-28 09:11:15.292 DEBUG 14688 --- [reactor-http-nio-3] o.s.w.r.r.m.a.ResponseBodyResultHandler  : [33279ac9-1] Using 'application/json' given [*/*] and supported [application/json, application/*+json, application/x-ndjson, text/event-stream]
2022-07-28 09:11:15.293 DEBUG 14688 --- [reactor-http-nio-3] o.s.w.r.r.m.a.ResponseBodyResultHandler  : [33279ac9-1] 0..1 [java.util.Map<java.lang.String, java.lang.String>]
2022-07-28 09:11:15.528 DEBUG 14688 --- [reactor-tcp-nio-1] org.springframework.web.HttpLogging      : [33279ac9-1] Encoding [{jwt-token=eyJhbGciOiJIUzUxMiJ9.eyJzdWIiOiJ1c2VyMTIzIiwiYXV0aCI6IkFETUlOIiwiZXhwIjoxNjU5MDY3ODc1fQ.c (truncated)...]
2022-07-28 09:11:15.537 DEBUG 14688 --- [reactor-http-nio-3] o.s.w.s.adapter.HttpWebHandlerAdapter    : [33279ac9-1] Completed 200 OK
2022-07-28 09:11:38.174  WARN 14688 --- [reactor-tcp-nio-1] reactor.netty.channel.FluxReceive        : [8991cc76, L:/0:0:0:0:0:0:0:1:50933 - R:localhost/0:0:0:0:0:0:0:1:5432] An exception has been observed post termination, use DEBUG level to see the full stack: java.io.IOException: Удаленный хост принудительно разорвал существующее подключение
2022-07-28 09:11:47.377 DEBUG 14688 --- [reactor-http-nio-3] o.s.w.s.adapter.HttpWebHandlerAdapter    : [33279ac9-2] HTTP POST "/auth/telegram-check/852155"
2022-07-28 09:11:47.387 DEBUG 14688 --- [parallel-3] o.s.w.s.s.DefaultWebSessionManager       : Created new WebSession.
2022-07-28 09:11:47.389 DEBUG 14688 --- [parallel-3] s.w.r.r.m.a.RequestMappingHandlerMapping : [33279ac9-2] Mapped to com.example.project1.controller.AuthController#TelegramCheck(String, Authentication)
2022-07-28 09:11:47.401 DEBUG 14688 --- [parallel-3] o.s.w.r.r.m.a.ResponseBodyResultHandler  : [33279ac9-2] Using 'text/plain;charset=UTF-8' given [*/*] and supported [text/plain;charset=UTF-8, text/event-stream, text/plain;charset=UTF-8, */*]
2022-07-28 09:11:47.402 DEBUG 14688 --- [parallel-3] o.s.w.r.r.m.a.ResponseBodyResultHandler  : [33279ac9-2] 0..1 [java.lang.String]
2022-07-28 09:11:47.469 DEBUG 14688 --- [reactor-tcp-nio-3] org.springframework.web.HttpLogging      : [33279ac9-2] Writing "You are successfully signed in"
2022-07-28 09:11:47.473 DEBUG 14688 --- [reactor-http-nio-3] o.s.w.s.adapter.HttpWebHandlerAdapter    : [33279ac9-2] Completed 200 OK
2022-07-28 14:22:50.733  INFO 9608 --- [main] c.example.project1.Project1Application   : Starting Project1Application using Java 11.0.15 on DESKTOP-VO3SPUR with PID 9608 (C:\Users\user\IdeaProjects\Project1\target\classes started by user in C:\Users\user\IdeaProjects\Project1)
2022-07-28 14:22:50.736  INFO 9608 --- [main] c.example.project1.Project1Application   : No active profile set, falling back to 1 default profile: "default"
2022-07-28 14:22:51.127  INFO 9608 --- [main] .s.d.r.c.RepositoryConfigurationDelegate : Bootstrapping Spring Data R2DBC repositories in DEFAULT mode.
2022-07-28 14:22:51.168  INFO 9608 --- [main] .s.d.r.c.RepositoryConfigurationDelegate : Finished Spring Data repository scanning in 38 ms. Found 1 R2DBC repository interfaces.
2022-07-28 14:22:52.809 DEBUG 9608 --- [main] s.w.r.r.m.a.RequestMappingHandlerMapping : 3 mappings in 'requestMappingHandlerMapping'
2022-07-28 14:22:52.818 DEBUG 9608 --- [main] o.s.w.r.handler.SimpleUrlHandlerMapping  : Patterns [/webjars/**, /**] in 'resourceHandlerMapping'
2022-07-28 14:22:52.833 DEBUG 9608 --- [main] o.s.w.r.r.m.a.ControllerMethodResolver   : ControllerAdvice beans: none
2022-07-28 14:22:52.845 DEBUG 9608 --- [main] o.s.w.s.adapter.HttpWebHandlerAdapter    : enableLoggingRequestDetails='false': form data and headers will be masked to prevent unsafe logging of potentially sensitive data
2022-07-28 14:22:53.081  INFO 9608 --- [main] o.s.b.web.embedded.netty.NettyWebServer  : Netty started on port 8080
2022-07-28 14:22:53.088  INFO 9608 --- [main] c.example.project1.Project1Application   : Started Project1Application in 2.602 seconds (JVM running for 3.52)
2022-07-28 14:23:24.294 DEBUG 9608 --- [reactor-http-nio-3] o.s.w.s.adapter.HttpWebHandlerAdapter    : [83537170-1] HTTP POST "/auth/registration"
2022-07-28 14:23:24.327 DEBUG 9608 --- [parallel-2] o.s.w.s.s.DefaultWebSessionManager       : Created new WebSession.
2022-07-28 14:23:24.337 DEBUG 9608 --- [parallel-2] s.w.r.r.m.a.RequestMappingHandlerMapping : [83537170-1] Mapped to com.example.project1.controller.AuthController#createPerson(Person)
2022-07-28 14:23:24.345 DEBUG 9608 --- [parallel-2] .r.m.a.RequestBodyMethodArgumentResolver : [83537170-1] Content-Type:application/json
2022-07-28 14:23:24.348 DEBUG 9608 --- [parallel-2] .r.m.a.RequestBodyMethodArgumentResolver : [83537170-1] 0..1 [com.example.project1.model.Person]
2022-07-28 14:23:24.361 DEBUG 9608 --- [reactor-http-nio-3] org.springframework.web.HttpLogging      : [83537170-1] Decoded [com.example.project1.model.Person@282cd00f]
2022-07-28 14:23:24.448 DEBUG 9608 --- [reactor-http-nio-3] o.s.w.r.r.m.a.ResponseBodyResultHandler  : [83537170-1] Using 'application/json' given [*/*] and supported [application/json, application/*+json, application/x-ndjson, text/event-stream]
2022-07-28 14:23:24.449 DEBUG 9608 --- [reactor-http-nio-3] o.s.w.r.r.m.a.ResponseBodyResultHandler  : [83537170-1] 0..1 [java.util.Map<java.lang.String, java.lang.String>]
2022-07-28 14:23:24.687 DEBUG 9608 --- [reactor-tcp-nio-1] org.springframework.web.HttpLogging      : [83537170-1] Encoding [{jwt-token=eyJhbGciOiJIUzUxMiJ9.eyJzdWIiOiJ1cyIsImF1dGgiOiJBRE1JTiIsImV4cCI6MTY1OTA4NjYwNH0.qN_1ADPP (truncated)...]
2022-07-28 14:23:24.697 DEBUG 9608 --- [reactor-http-nio-3] o.s.w.s.adapter.HttpWebHandlerAdapter    : [83537170-1] Completed 200 OK
2022-07-28 14:23:56.839 DEBUG 9608 --- [reactor-http-nio-3] o.s.w.s.adapter.HttpWebHandlerAdapter    : [83537170-2] HTTP POST "/auth/telegram-check/354993"
2022-07-28 14:23:56.847 DEBUG 9608 --- [parallel-3] o.s.w.s.s.DefaultWebSessionManager       : Created new WebSession.
2022-07-28 14:23:56.850 DEBUG 9608 --- [parallel-3] s.w.r.r.m.a.RequestMappingHandlerMapping : [83537170-2] Mapped to com.example.project1.controller.AuthController#TelegramCheck(String, Authentication)
2022-07-28 14:23:56.858 DEBUG 9608 --- [parallel-3] o.s.w.r.r.m.a.ResponseBodyResultHandler  : [83537170-2] Using 'text/plain;charset=UTF-8' given [*/*] and supported [text/plain;charset=UTF-8, text/event-stream, text/plain;charset=UTF-8, */*]
2022-07-28 14:23:56.859 DEBUG 9608 --- [parallel-3] o.s.w.r.r.m.a.ResponseBodyResultHandler  : [83537170-2] 0..1 [java.lang.String]
2022-07-28 14:23:56.930 DEBUG 9608 --- [reactor-tcp-nio-3] org.springframework.web.HttpLogging      : [83537170-2] Writing "You are successfully signed in"
2022-07-28 14:23:56.934 DEBUG 9608 --- [reactor-http-nio-3] o.s.w.s.adapter.HttpWebHandlerAdapter    : [83537170-2] Completed 200 OK
2022-07-28 14:24:02.291 DEBUG 9608 --- [reactor-http-nio-3] o.s.w.s.adapter.HttpWebHandlerAdapter    : [83537170-3] HTTP POST "/auth/telegram-check/354993"
2022-07-28 14:24:02.292 DEBUG 9608 --- [parallel-4] o.s.w.s.s.DefaultWebSessionManager       : Created new WebSession.
2022-07-28 14:24:02.296 DEBUG 9608 --- [parallel-4] o.s.w.s.adapter.HttpWebHandlerAdapter    : [83537170-3] Completed 401 UNAUTHORIZED
2022-07-28 16:02:52.919  INFO 8356 --- [main] c.example.project1.Project1Application   : Starting Project1Application using Java 11.0.15 on DESKTOP-VO3SPUR with PID 8356 (C:\Users\user\IdeaProjects\Project1\target\classes started by user in C:\Users\user\IdeaProjects\Project1)
2022-07-28 16:02:52.921  INFO 8356 --- [main] c.example.project1.Project1Application   : No active profile set, falling back to 1 default profile: "default"
2022-07-28 16:02:53.295  INFO 8356 --- [main] .s.d.r.c.RepositoryConfigurationDelegate : Bootstrapping Spring Data R2DBC repositories in DEFAULT mode.
2022-07-28 16:02:53.328  INFO 8356 --- [main] .s.d.r.c.RepositoryConfigurationDelegate : Finished Spring Data repository scanning in 30 ms. Found 1 R2DBC repository interfaces.
2022-07-28 16:02:54.703 DEBUG 8356 --- [main] s.w.r.r.m.a.RequestMappingHandlerMapping : 4 mappings in 'requestMappingHandlerMapping'
2022-07-28 16:02:54.713 DEBUG 8356 --- [main] o.s.w.r.handler.SimpleUrlHandlerMapping  : Patterns [/webjars/**, /**] in 'resourceHandlerMapping'
2022-07-28 16:02:54.727 DEBUG 8356 --- [main] o.s.w.r.r.m.a.ControllerMethodResolver   : ControllerAdvice beans: none
2022-07-28 16:02:54.739 DEBUG 8356 --- [main] o.s.w.s.adapter.HttpWebHandlerAdapter    : enableLoggingRequestDetails='false': form data and headers will be masked to prevent unsafe logging of potentially sensitive data
2022-07-28 16:02:54.948  INFO 8356 --- [main] o.s.b.web.embedded.netty.NettyWebServer  : Netty started on port 8080
2022-07-28 16:02:54.954  INFO 8356 --- [main] c.example.project1.Project1Application   : Started Project1Application in 2.311 seconds (JVM running for 2.865)
2022-07-28 16:03:34.244 DEBUG 8356 --- [reactor-http-nio-3] o.s.w.s.adapter.HttpWebHandlerAdapter    : [ac96d6df-1] HTTP POST "/auth/registration"
2022-07-28 16:03:34.272 DEBUG 8356 --- [parallel-2] o.s.w.s.s.DefaultWebSessionManager       : Created new WebSession.
2022-07-28 16:03:34.285 DEBUG 8356 --- [parallel-2] s.w.r.r.m.a.RequestMappingHandlerMapping : [ac96d6df-1] Mapped to com.example.project1.controller.AuthController#createPerson(Person)
2022-07-28 16:03:34.293 DEBUG 8356 --- [parallel-2] .r.m.a.RequestBodyMethodArgumentResolver : [ac96d6df-1] Content-Type:application/json
2022-07-28 16:03:34.297 DEBUG 8356 --- [parallel-2] .r.m.a.RequestBodyMethodArgumentResolver : [ac96d6df-1] 0..1 [com.example.project1.model.Person]
2022-07-28 16:03:34.311 DEBUG 8356 --- [reactor-http-nio-3] org.springframework.web.HttpLogging      : [ac96d6df-1] Decoded [com.example.project1.model.Person@2bccbdf7]
2022-07-28 16:03:34.400 DEBUG 8356 --- [reactor-http-nio-3] o.s.w.r.r.m.a.ResponseBodyResultHandler  : [ac96d6df-1] Using 'application/json' given [*/*] and supported [application/json, application/*+json, application/x-ndjson, text/event-stream]
2022-07-28 16:03:34.400 DEBUG 8356 --- [reactor-http-nio-3] o.s.w.r.r.m.a.ResponseBodyResultHandler  : [ac96d6df-1] 0..1 [java.util.Map<java.lang.String, java.lang.String>]
2022-07-28 16:03:34.624 DEBUG 8356 --- [reactor-tcp-nio-1] org.springframework.web.HttpLogging      : [ac96d6df-1] Encoding [{jwt-token=eyJhbGciOiJIUzUxMiJ9.eyJzdWIiOiJ1cyIsImF1dGgiOiJBRE1JTiIsImV4cCI6MTY1OTA5MjYxNH0.tUKINw-T (truncated)...]
2022-07-28 16:03:34.634 DEBUG 8356 --- [reactor-http-nio-3] o.s.w.s.adapter.HttpWebHandlerAdapter    : [ac96d6df-1] Completed 200 OK
2022-07-28 16:04:21.603 DEBUG 8356 --- [reactor-http-nio-3] o.s.w.s.adapter.HttpWebHandlerAdapter    : [ac96d6df-2] HTTP POST "/auth/rabbit-sender"
2022-07-28 16:04:21.611 DEBUG 8356 --- [parallel-3] o.s.w.s.s.DefaultWebSessionManager       : Created new WebSession.
2022-07-28 16:04:21.614 DEBUG 8356 --- [parallel-3] s.w.r.r.m.a.RequestMappingHandlerMapping : [ac96d6df-2] Mapped to com.example.project1.controller.AuthController#RabbitMQSender(String)
2022-07-28 16:04:21.614 DEBUG 8356 --- [parallel-3] .r.m.a.RequestBodyMethodArgumentResolver : [ac96d6df-2] Content-Type:application/json
2022-07-28 16:04:21.615 DEBUG 8356 --- [parallel-3] .r.m.a.RequestBodyMethodArgumentResolver : [ac96d6df-2] 0..1 [java.lang.String]
2022-07-28 16:04:21.616 DEBUG 8356 --- [reactor-http-nio-3] org.springframework.web.HttpLogging      : [ac96d6df-2] Decoded "{<EOL><EOL>    "message": "Ketdikkkuu"<EOL><EOL>}"
2022-07-28 16:04:21.697 DEBUG 8356 --- [reactor-http-nio-3] o.s.w.r.r.m.a.ResponseBodyResultHandler  : [ac96d6df-2] Using 'text/plain;charset=UTF-8' given [*/*] and supported [text/plain;charset=UTF-8, text/event-stream, text/plain;charset=UTF-8, */*]
2022-07-28 16:04:21.697 DEBUG 8356 --- [reactor-http-nio-3] o.s.w.r.r.m.a.ResponseBodyResultHandler  : [ac96d6df-2] 0..1 [java.lang.String]
2022-07-28 16:04:21.701 DEBUG 8356 --- [reactor-http-nio-3] org.springframework.web.HttpLogging      : [ac96d6df-2] Writing "You are successfully signed in"
2022-07-28 16:04:21.704 DEBUG 8356 --- [reactor-http-nio-3] o.s.w.s.adapter.HttpWebHandlerAdapter    : [ac96d6df-2] Completed 200 OK
2022-07-28 16:16:00.804  INFO 15280 --- [main] c.example.project1.Project1Application   : Starting Project1Application using Java 11.0.15 on DESKTOP-VO3SPUR with PID 15280 (C:\Users\user\IdeaProjects\Project1\target\classes started by user in C:\Users\user\IdeaProjects\Project1)
2022-07-28 16:16:00.806  INFO 15280 --- [main] c.example.project1.Project1Application   : No active profile set, falling back to 1 default profile: "default"
2022-07-28 16:16:01.150  INFO 15280 --- [main] .s.d.r.c.RepositoryConfigurationDelegate : Bootstrapping Spring Data R2DBC repositories in DEFAULT mode.
2022-07-28 16:16:01.184  INFO 15280 --- [main] .s.d.r.c.RepositoryConfigurationDelegate : Finished Spring Data repository scanning in 31 ms. Found 1 R2DBC repository interfaces.
2022-07-28 16:16:02.542 DEBUG 15280 --- [main] s.w.r.r.m.a.RequestMappingHandlerMapping : 5 mappings in 'requestMappingHandlerMapping'
2022-07-28 16:16:02.552 DEBUG 15280 --- [main] o.s.w.r.handler.SimpleUrlHandlerMapping  : Patterns [/webjars/**, /**] in 'resourceHandlerMapping'
2022-07-28 16:16:02.567 DEBUG 15280 --- [main] o.s.w.r.r.m.a.ControllerMethodResolver   : ControllerAdvice beans: none
2022-07-28 16:16:02.581 DEBUG 15280 --- [main] o.s.w.s.adapter.HttpWebHandlerAdapter    : enableLoggingRequestDetails='false': form data and headers will be masked to prevent unsafe logging of potentially sensitive data
2022-07-28 16:16:02.800  INFO 15280 --- [main] o.s.b.web.embedded.netty.NettyWebServer  : Netty started on port 8080
2022-07-28 16:16:02.807  INFO 15280 --- [main] c.example.project1.Project1Application   : Started Project1Application in 2.297 seconds (JVM running for 2.861)
2022-07-28 16:17:24.292  INFO 18544 --- [main] c.example.project1.Project1Application   : Starting Project1Application using Java 11.0.15 on DESKTOP-VO3SPUR with PID 18544 (C:\Users\user\IdeaProjects\Project1\target\classes started by user in C:\Users\user\IdeaProjects\Project1)
2022-07-28 16:17:24.295  INFO 18544 --- [main] c.example.project1.Project1Application   : No active profile set, falling back to 1 default profile: "default"
2022-07-28 16:17:24.629  INFO 18544 --- [main] .s.d.r.c.RepositoryConfigurationDelegate : Bootstrapping Spring Data R2DBC repositories in DEFAULT mode.
2022-07-28 16:17:24.665  INFO 18544 --- [main] .s.d.r.c.RepositoryConfigurationDelegate : Finished Spring Data repository scanning in 33 ms. Found 1 R2DBC repository interfaces.
2022-07-28 16:17:26.085 DEBUG 18544 --- [main] s.w.r.r.m.a.RequestMappingHandlerMapping : 5 mappings in 'requestMappingHandlerMapping'
2022-07-28 16:17:26.095 DEBUG 18544 --- [main] o.s.w.r.handler.SimpleUrlHandlerMapping  : Patterns [/webjars/**, /**] in 'resourceHandlerMapping'
2022-07-28 16:17:26.111 DEBUG 18544 --- [main] o.s.w.r.r.m.a.ControllerMethodResolver   : ControllerAdvice beans: none
2022-07-28 16:17:26.125 DEBUG 18544 --- [main] o.s.w.s.adapter.HttpWebHandlerAdapter    : enableLoggingRequestDetails='false': form data and headers will be masked to prevent unsafe logging of potentially sensitive data
2022-07-28 16:17:26.333  INFO 18544 --- [main] o.s.b.web.embedded.netty.NettyWebServer  : Netty started on port 8080
2022-07-28 16:17:26.340  INFO 18544 --- [main] c.example.project1.Project1Application   : Started Project1Application in 2.32 seconds (JVM running for 2.865)
2022-07-28 16:17:33.333 DEBUG 18544 --- [reactor-http-nio-3] o.s.w.s.adapter.HttpWebHandlerAdapter    : [2832692d-1] HTTP POST "/auth/rabbit-sender"
2022-07-28 16:17:33.373 DEBUG 18544 --- [parallel-2] o.s.w.s.s.DefaultWebSessionManager       : Created new WebSession.
2022-07-28 16:17:33.385 DEBUG 18544 --- [parallel-2] s.w.r.r.m.a.RequestMappingHandlerMapping : [2832692d-1] Mapped to com.example.project1.controller.AuthController#RabbitMQSender(String)
2022-07-28 16:17:33.401 DEBUG 18544 --- [parallel-2] .r.m.a.RequestBodyMethodArgumentResolver : [2832692d-1] Content-Type:application/json
2022-07-28 16:17:33.402 DEBUG 18544 --- [parallel-2] .r.m.a.RequestBodyMethodArgumentResolver : [2832692d-1] 0..1 [java.lang.String]
2022-07-28 16:17:33.414 DEBUG 18544 --- [reactor-http-nio-3] org.springframework.web.HttpLogging      : [2832692d-1] Decoded "{<EOL><EOL>    "message": "Ketdikkkuu2"<EOL><EOL>}"
2022-07-28 16:17:33.474 DEBUG 18544 --- [reactor-http-nio-3] o.s.w.r.r.m.a.ResponseBodyResultHandler  : [2832692d-1] Using 'text/plain;charset=UTF-8' given [*/*] and supported [text/plain;charset=UTF-8, text/event-stream, text/plain;charset=UTF-8, */*]
2022-07-28 16:17:33.475 DEBUG 18544 --- [reactor-http-nio-3] o.s.w.r.r.m.a.ResponseBodyResultHandler  : [2832692d-1] 0..1 [java.lang.String]
2022-07-28 16:17:33.477 DEBUG 18544 --- [reactor-http-nio-3] org.springframework.web.HttpLogging      : [2832692d-1] Writing "Your message was successfully sent"
2022-07-28 16:17:33.488 DEBUG 18544 --- [reactor-http-nio-3] o.s.w.s.adapter.HttpWebHandlerAdapter    : [2832692d-1] Completed 200 OK
2022-07-28 16:17:36.810 DEBUG 18544 --- [reactor-http-nio-3] o.s.w.s.adapter.HttpWebHandlerAdapter    : [2832692d-2] HTTP GET "/auth/rabbit-receiver"
2022-07-28 16:17:36.812 DEBUG 18544 --- [parallel-3] o.s.w.s.s.DefaultWebSessionManager       : Created new WebSession.
2022-07-28 16:17:36.814 DEBUG 18544 --- [parallel-3] s.w.r.r.m.a.RequestMappingHandlerMapping : [2832692d-2] Mapped to com.example.project1.controller.AuthController#RabbitMQReceiver()
2022-07-28 16:17:36.823 DEBUG 18544 --- [parallel-3] o.s.w.r.r.m.a.ResponseBodyResultHandler  : [2832692d-2] Using 'text/plain;charset=UTF-8' given [*/*] and supported [text/plain;charset=UTF-8, text/event-stream, text/plain;charset=UTF-8, */*]
2022-07-28 16:17:36.823 DEBUG 18544 --- [parallel-3] o.s.w.r.r.m.a.ResponseBodyResultHandler  : [2832692d-2] 0..1 [java.lang.String]
2022-07-28 16:17:36.824 DEBUG 18544 --- [parallel-3] org.springframework.web.HttpLogging      : [2832692d-2] Writing "Received text ->  "
2022-07-28 16:17:36.827 DEBUG 18544 --- [reactor-http-nio-3] o.s.w.s.adapter.HttpWebHandlerAdapter    : [2832692d-2] Completed 200 OK
2022-07-28 16:18:07.629  INFO 2120 --- [main] c.example.project1.Project1Application   : Starting Project1Application using Java 11.0.15 on DESKTOP-VO3SPUR with PID 2120 (C:\Users\user\IdeaProjects\Project1\target\classes started by user in C:\Users\user\IdeaProjects\Project1)
2022-07-28 16:18:07.631  INFO 2120 --- [main] c.example.project1.Project1Application   : No active profile set, falling back to 1 default profile: "default"
2022-07-28 16:18:08.002  INFO 2120 --- [main] .s.d.r.c.RepositoryConfigurationDelegate : Bootstrapping Spring Data R2DBC repositories in DEFAULT mode.
2022-07-28 16:18:08.043  INFO 2120 --- [main] .s.d.r.c.RepositoryConfigurationDelegate : Finished Spring Data repository scanning in 38 ms. Found 1 R2DBC repository interfaces.
2022-07-28 16:18:09.406 DEBUG 2120 --- [main] s.w.r.r.m.a.RequestMappingHandlerMapping : 5 mappings in 'requestMappingHandlerMapping'
2022-07-28 16:18:09.417 DEBUG 2120 --- [main] o.s.w.r.handler.SimpleUrlHandlerMapping  : Patterns [/webjars/**, /**] in 'resourceHandlerMapping'
2022-07-28 16:18:09.434 DEBUG 2120 --- [main] o.s.w.r.r.m.a.ControllerMethodResolver   : ControllerAdvice beans: none
2022-07-28 16:18:09.450 DEBUG 2120 --- [main] o.s.w.s.adapter.HttpWebHandlerAdapter    : enableLoggingRequestDetails='false': form data and headers will be masked to prevent unsafe logging of potentially sensitive data
2022-07-28 16:18:09.673  INFO 2120 --- [main] o.s.b.web.embedded.netty.NettyWebServer  : Netty started on port 8080
2022-07-28 16:18:09.681  INFO 2120 --- [main] c.example.project1.Project1Application   : Started Project1Application in 2.351 seconds (JVM running for 3.001)
2022-07-28 16:18:32.615 DEBUG 2120 --- [reactor-http-nio-3] o.s.w.s.adapter.HttpWebHandlerAdapter    : [796536ce-1] HTTP GET "/auth/rabbit-receiver"
2022-07-28 16:18:32.649 DEBUG 2120 --- [parallel-2] o.s.w.s.s.DefaultWebSessionManager       : Created new WebSession.
2022-07-28 16:18:32.678 DEBUG 2120 --- [parallel-2] o.s.w.s.adapter.HttpWebHandlerAdapter    : [796536ce-1] Completed 401 UNAUTHORIZED
2022-07-28 16:18:36.398 DEBUG 2120 --- [reactor-http-nio-3] o.s.w.s.adapter.HttpWebHandlerAdapter    : [796536ce-2] HTTP GET "/auth/rabbit-receiver"
2022-07-28 16:18:36.416 DEBUG 2120 --- [parallel-3] o.s.w.s.s.DefaultWebSessionManager       : Created new WebSession.
2022-07-28 16:18:36.421 DEBUG 2120 --- [parallel-3] s.w.r.r.m.a.RequestMappingHandlerMapping : [796536ce-2] Mapped to com.example.project1.controller.AuthController#RabbitMQReceiver()
2022-07-28 16:18:53.197 DEBUG 2120 --- [parallel-3] o.s.w.r.r.m.a.ResponseBodyResultHandler  : [796536ce-2] Using 'text/plain;charset=UTF-8' given [*/*] and supported [text/plain;charset=UTF-8, text/event-stream, text/plain;charset=UTF-8, */*]
2022-07-28 16:18:53.197 DEBUG 2120 --- [parallel-3] o.s.w.r.r.m.a.ResponseBodyResultHandler  : [796536ce-2] 0..1 [java.lang.String]
2022-07-28 16:18:56.795 DEBUG 2120 --- [parallel-3] org.springframework.web.HttpLogging      : [796536ce-2] Writing "Received text ->  "
2022-07-28 16:18:56.806 DEBUG 2120 --- [reactor-http-nio-3] o.s.w.s.adapter.HttpWebHandlerAdapter    : [796536ce-2] Completed 200 OK
2022-07-28 16:18:59.492 DEBUG 2120 --- [reactor-http-nio-3] o.s.w.s.adapter.HttpWebHandlerAdapter    : [796536ce-3] HTTP GET "/auth/rabbit-receiver"
2022-07-28 16:18:59.494 DEBUG 2120 --- [parallel-4] o.s.w.s.s.DefaultWebSessionManager       : Created new WebSession.
2022-07-28 16:18:59.496 DEBUG 2120 --- [parallel-4] s.w.r.r.m.a.RequestMappingHandlerMapping : [796536ce-3] Mapped to com.example.project1.controller.AuthController#RabbitMQReceiver()
2022-07-28 16:29:59.022 DEBUG 2120 --- [reactor-http-nio-5] o.s.w.s.adapter.HttpWebHandlerAdapter    : [2608b436-4] HTTP GET "/auth/rabbit-receiver"
2022-07-28 16:29:59.028 DEBUG 2120 --- [parallel-5] o.s.w.s.s.DefaultWebSessionManager       : Created new WebSession.
2022-07-28 16:29:59.030 DEBUG 2120 --- [parallel-5] s.w.r.r.m.a.RequestMappingHandlerMapping : [2608b436-4] Mapped to com.example.project1.controller.AuthController#RabbitMQReceiver()
2022-07-28 16:29:59.044 DEBUG 2120 --- [parallel-5] o.s.w.r.r.m.a.ResponseBodyResultHandler  : [2608b436-4] Using 'text/plain;charset=UTF-8' given [*/*] and supported [text/plain;charset=UTF-8, text/event-stream, text/plain;charset=UTF-8, */*]
2022-07-28 16:29:59.044 DEBUG 2120 --- [parallel-5] o.s.w.r.r.m.a.ResponseBodyResultHandler  : [2608b436-4] 0..1 [java.lang.String]
2022-07-28 16:29:59.045 DEBUG 2120 --- [parallel-5] org.springframework.web.HttpLogging      : [2608b436-4] Writing "Received text ->  "
2022-07-28 16:29:59.049 DEBUG 2120 --- [reactor-http-nio-5] o.s.w.s.adapter.HttpWebHandlerAdapter    : [2608b436-4] Completed 200 OK
2022-07-28 16:42:26.500  INFO 13800 --- [main] c.example.project1.Project1Application   : Starting Project1Application using Java 11.0.15 on DESKTOP-VO3SPUR with PID 13800 (C:\Users\user\IdeaProjects\Project1\target\classes started by user in C:\Users\user\IdeaProjects\Project1)
2022-07-28 16:42:26.502  INFO 13800 --- [main] c.example.project1.Project1Application   : No active profile set, falling back to 1 default profile: "default"
2022-07-28 16:42:26.853  INFO 13800 --- [main] .s.d.r.c.RepositoryConfigurationDelegate : Bootstrapping Spring Data R2DBC repositories in DEFAULT mode.
2022-07-28 16:42:26.895  INFO 13800 --- [main] .s.d.r.c.RepositoryConfigurationDelegate : Finished Spring Data repository scanning in 39 ms. Found 1 R2DBC repository interfaces.
2022-07-28 16:42:28.415 DEBUG 13800 --- [main] s.w.r.r.m.a.RequestMappingHandlerMapping : 4 mappings in 'requestMappingHandlerMapping'
2022-07-28 16:42:28.424 DEBUG 13800 --- [main] o.s.w.r.handler.SimpleUrlHandlerMapping  : Patterns [/webjars/**, /**] in 'resourceHandlerMapping'
2022-07-28 16:42:28.440 DEBUG 13800 --- [main] o.s.w.r.r.m.a.ControllerMethodResolver   : ControllerAdvice beans: none
2022-07-28 16:42:28.455 DEBUG 13800 --- [main] o.s.w.s.adapter.HttpWebHandlerAdapter    : enableLoggingRequestDetails='false': form data and headers will be masked to prevent unsafe logging of potentially sensitive data
2022-07-28 16:42:28.667  INFO 13800 --- [main] o.s.b.web.embedded.netty.NettyWebServer  : Netty started on port 8080
2022-07-28 16:42:28.674  INFO 13800 --- [main] c.example.project1.Project1Application   : Started Project1Application in 2.457 seconds (JVM running for 3.08)
2022-07-28 16:42:33.591 DEBUG 13800 --- [reactor-http-nio-3] o.s.w.s.adapter.HttpWebHandlerAdapter    : [f050d0e6-1] HTTP POST "/auth/rabbit-sender"
2022-07-28 16:42:33.638 DEBUG 13800 --- [parallel-2] o.s.w.s.s.DefaultWebSessionManager       : Created new WebSession.
2022-07-28 16:42:33.650 DEBUG 13800 --- [parallel-2] s.w.r.r.m.a.RequestMappingHandlerMapping : [f050d0e6-1] Mapped to com.example.project1.controller.AuthController#RabbitMQSender(String)
2022-07-28 16:42:33.657 DEBUG 13800 --- [parallel-2] .r.m.a.RequestBodyMethodArgumentResolver : [f050d0e6-1] Content-Type:application/json
2022-07-28 16:42:33.658 DEBUG 13800 --- [parallel-2] .r.m.a.RequestBodyMethodArgumentResolver : [f050d0e6-1] 0..1 [java.lang.String]
2022-07-28 16:42:33.669 DEBUG 13800 --- [reactor-http-nio-3] org.springframework.web.HttpLogging      : [f050d0e6-1] Decoded "{<EOL><EOL>    "message": "123"<EOL><EOL>}"
2022-07-28 16:42:33.747 DEBUG 13800 --- [reactor-http-nio-3] o.s.w.r.r.m.a.ResponseBodyResultHandler  : [f050d0e6-1] Using 'text/plain;charset=UTF-8' given [*/*] and supported [text/plain;charset=UTF-8, text/event-stream, text/plain;charset=UTF-8, */*]
2022-07-28 16:42:33.747 DEBUG 13800 --- [reactor-http-nio-3] o.s.w.r.r.m.a.ResponseBodyResultHandler  : [f050d0e6-1] 0..1 [java.lang.String]
2022-07-28 16:42:33.750 DEBUG 13800 --- [reactor-http-nio-3] org.springframework.web.HttpLogging      : [f050d0e6-1] Writing "Your message was successfully sent"
2022-07-28 16:42:33.762 DEBUG 13800 --- [reactor-http-nio-3] o.s.w.s.adapter.HttpWebHandlerAdapter    : [f050d0e6-1] Completed 200 OK
2022-07-28 16:42:37.655 DEBUG 13800 --- [reactor-http-nio-3] o.s.w.s.adapter.HttpWebHandlerAdapter    : [f050d0e6-2] HTTP POST "/auth/rabbit-sender"
2022-07-28 16:42:37.657 DEBUG 13800 --- [parallel-3] o.s.w.s.s.DefaultWebSessionManager       : Created new WebSession.
2022-07-28 16:42:37.659 DEBUG 13800 --- [parallel-3] s.w.r.r.m.a.RequestMappingHandlerMapping : [f050d0e6-2] Mapped to com.example.project1.controller.AuthController#RabbitMQSender(String)
2022-07-28 16:42:37.659 DEBUG 13800 --- [parallel-3] .r.m.a.RequestBodyMethodArgumentResolver : [f050d0e6-2] Content-Type:application/json
2022-07-28 16:42:37.659 DEBUG 13800 --- [parallel-3] .r.m.a.RequestBodyMethodArgumentResolver : [f050d0e6-2] 0..1 [java.lang.String]
2022-07-28 16:42:37.660 DEBUG 13800 --- [reactor-http-nio-3] org.springframework.web.HttpLogging      : [f050d0e6-2] Decoded "{<EOL><EOL>    "message": "123456"<EOL><EOL>}"
2022-07-28 16:42:37.675 DEBUG 13800 --- [reactor-http-nio-3] o.s.w.r.r.m.a.ResponseBodyResultHandler  : [f050d0e6-2] Using 'text/plain;charset=UTF-8' given [*/*] and supported [text/plain;charset=UTF-8, text/event-stream, text/plain;charset=UTF-8, */*]
2022-07-28 16:42:37.675 DEBUG 13800 --- [reactor-http-nio-3] o.s.w.r.r.m.a.ResponseBodyResultHandler  : [f050d0e6-2] 0..1 [java.lang.String]
2022-07-28 16:42:37.676 DEBUG 13800 --- [reactor-http-nio-3] org.springframework.web.HttpLogging      : [f050d0e6-2] Writing "Your message was successfully sent"
2022-07-28 16:42:37.679 DEBUG 13800 --- [reactor-http-nio-3] o.s.w.s.adapter.HttpWebHandlerAdapter    : [f050d0e6-2] Completed 200 OK
2022-07-28 16:42:53.930 DEBUG 13800 --- [reactor-http-nio-3] o.s.w.s.adapter.HttpWebHandlerAdapter    : [f050d0e6-3] HTTP POST "/auth/rabbit-sender"
2022-07-28 16:42:53.932 DEBUG 13800 --- [parallel-4] o.s.w.s.s.DefaultWebSessionManager       : Created new WebSession.
2022-07-28 16:42:53.933 DEBUG 13800 --- [parallel-4] s.w.r.r.m.a.RequestMappingHandlerMapping : [f050d0e6-3] Mapped to com.example.project1.controller.AuthController#RabbitMQSender(String)
2022-07-28 16:42:53.933 DEBUG 13800 --- [parallel-4] .r.m.a.RequestBodyMethodArgumentResolver : [f050d0e6-3] Content-Type:application/json
2022-07-28 16:42:53.934 DEBUG 13800 --- [parallel-4] .r.m.a.RequestBodyMethodArgumentResolver : [f050d0e6-3] 0..1 [java.lang.String]
2022-07-28 16:42:53.934 DEBUG 13800 --- [reactor-http-nio-3] org.springframework.web.HttpLogging      : [f050d0e6-3] Decoded "{<EOL><EOL>    "message": "123456"<EOL><EOL>}"
2022-07-28 16:42:53.946 DEBUG 13800 --- [reactor-http-nio-3] o.s.w.r.r.m.a.ResponseBodyResultHandler  : [f050d0e6-3] Using 'text/plain;charset=UTF-8' given [*/*] and supported [text/plain;charset=UTF-8, text/event-stream, text/plain;charset=UTF-8, */*]
2022-07-28 16:42:53.947 DEBUG 13800 --- [reactor-http-nio-3] o.s.w.r.r.m.a.ResponseBodyResultHandler  : [f050d0e6-3] 0..1 [java.lang.String]
2022-07-28 16:42:53.947 DEBUG 13800 --- [reactor-http-nio-3] org.springframework.web.HttpLogging      : [f050d0e6-3] Writing "Your message was successfully sent"
2022-07-28 16:42:53.948 DEBUG 13800 --- [reactor-http-nio-3] o.s.w.s.adapter.HttpWebHandlerAdapter    : [f050d0e6-3] Completed 200 OK
2022-07-28 16:42:58.353 DEBUG 13800 --- [reactor-http-nio-3] o.s.w.s.adapter.HttpWebHandlerAdapter    : [f050d0e6-4] HTTP POST "/auth/rabbit-sender"
2022-07-28 16:42:58.357 DEBUG 13800 --- [parallel-5] o.s.w.s.s.DefaultWebSessionManager       : Created new WebSession.
2022-07-28 16:42:58.361 DEBUG 13800 --- [parallel-5] s.w.r.r.m.a.RequestMappingHandlerMapping : [f050d0e6-4] Mapped to com.example.project1.controller.AuthController#RabbitMQSender(String)
2022-07-28 16:42:58.362 DEBUG 13800 --- [parallel-5] .r.m.a.RequestBodyMethodArgumentResolver : [f050d0e6-4] Content-Type:application/json
2022-07-28 16:42:58.363 DEBUG 13800 --- [parallel-5] .r.m.a.RequestBodyMethodArgumentResolver : [f050d0e6-4] 0..1 [java.lang.String]
2022-07-28 16:42:58.365 DEBUG 13800 --- [reactor-http-nio-3] org.springframework.web.HttpLogging      : [f050d0e6-4] Decoded "{<EOL><EOL>    "message": "123456"<EOL><EOL>}"
2022-07-28 16:42:58.398 DEBUG 13800 --- [reactor-http-nio-3] o.s.w.r.r.m.a.ResponseBodyResultHandler  : [f050d0e6-4] Using 'text/plain;charset=UTF-8' given [*/*] and supported [text/plain;charset=UTF-8, text/event-stream, text/plain;charset=UTF-8, */*]
2022-07-28 16:42:58.399 DEBUG 13800 --- [reactor-http-nio-3] o.s.w.r.r.m.a.ResponseBodyResultHandler  : [f050d0e6-4] 0..1 [java.lang.String]
2022-07-28 16:42:58.399 DEBUG 13800 --- [reactor-http-nio-3] org.springframework.web.HttpLogging      : [f050d0e6-4] Writing "Your message was successfully sent"
2022-07-28 16:42:58.401 DEBUG 13800 --- [reactor-http-nio-3] o.s.w.s.adapter.HttpWebHandlerAdapter    : [f050d0e6-4] Completed 200 OK
2022-07-28 16:48:57.337  INFO 16976 --- [main] c.example.project1.Project1Application   : Starting Project1Application using Java 11.0.15 on DESKTOP-VO3SPUR with PID 16976 (C:\Users\user\IdeaProjects\Project1\target\classes started by user in C:\Users\user\IdeaProjects\Project1)
2022-07-28 16:48:57.340  INFO 16976 --- [main] c.example.project1.Project1Application   : No active profile set, falling back to 1 default profile: "default"
2022-07-28 16:48:57.683  INFO 16976 --- [main] .s.d.r.c.RepositoryConfigurationDelegate : Bootstrapping Spring Data R2DBC repositories in DEFAULT mode.
2022-07-28 16:48:57.720  INFO 16976 --- [main] .s.d.r.c.RepositoryConfigurationDelegate : Finished Spring Data repository scanning in 34 ms. Found 1 R2DBC repository interfaces.
2022-07-28 16:48:59.127 DEBUG 16976 --- [main] s.w.r.r.m.a.RequestMappingHandlerMapping : 4 mappings in 'requestMappingHandlerMapping'
2022-07-28 16:48:59.138 DEBUG 16976 --- [main] o.s.w.r.handler.SimpleUrlHandlerMapping  : Patterns [/webjars/**, /**] in 'resourceHandlerMapping'
2022-07-28 16:48:59.153 DEBUG 16976 --- [main] o.s.w.r.r.m.a.ControllerMethodResolver   : ControllerAdvice beans: none
2022-07-28 16:48:59.167 DEBUG 16976 --- [main] o.s.w.s.adapter.HttpWebHandlerAdapter    : enableLoggingRequestDetails='false': form data and headers will be masked to prevent unsafe logging of potentially sensitive data
2022-07-28 16:48:59.386  INFO 16976 --- [main] o.s.b.web.embedded.netty.NettyWebServer  : Netty started on port 8080
2022-07-28 16:48:59.393  INFO 16976 --- [main] c.example.project1.Project1Application   : Started Project1Application in 2.333 seconds (JVM running for 2.881)
2022-07-28 16:49:56.813  INFO 9864 --- [main] c.example.project1.Project1Application   : Starting Project1Application using Java 11.0.15 on DESKTOP-VO3SPUR with PID 9864 (C:\Users\user\IdeaProjects\Project1\target\classes started by user in C:\Users\user\IdeaProjects\Project1)
2022-07-28 16:49:56.815  INFO 9864 --- [main] c.example.project1.Project1Application   : No active profile set, falling back to 1 default profile: "default"
2022-07-28 16:49:57.277  INFO 9864 --- [main] .s.d.r.c.RepositoryConfigurationDelegate : Bootstrapping Spring Data R2DBC repositories in DEFAULT mode.
2022-07-28 16:49:57.344  INFO 9864 --- [main] .s.d.r.c.RepositoryConfigurationDelegate : Finished Spring Data repository scanning in 61 ms. Found 1 R2DBC repository interfaces.
2022-07-28 16:49:58.997 DEBUG 9864 --- [main] s.w.r.r.m.a.RequestMappingHandlerMapping : 4 mappings in 'requestMappingHandlerMapping'
2022-07-28 16:49:59.007 DEBUG 9864 --- [main] o.s.w.r.handler.SimpleUrlHandlerMapping  : Patterns [/webjars/**, /**] in 'resourceHandlerMapping'
2022-07-28 16:49:59.024 DEBUG 9864 --- [main] o.s.w.r.r.m.a.ControllerMethodResolver   : ControllerAdvice beans: none
2022-07-28 16:49:59.040 DEBUG 9864 --- [main] o.s.w.s.adapter.HttpWebHandlerAdapter    : enableLoggingRequestDetails='false': form data and headers will be masked to prevent unsafe logging of potentially sensitive data
2022-07-28 16:49:59.260  INFO 9864 --- [main] o.s.b.web.embedded.netty.NettyWebServer  : Netty started on port 8080
2022-07-28 16:49:59.267  INFO 9864 --- [main] c.example.project1.Project1Application   : Started Project1Application in 2.727 seconds (JVM running for 3.284)
2022-07-28 16:51:10.847  INFO 20208 --- [main] c.example.project1.Project1Application   : Starting Project1Application using Java 11.0.15 on DESKTOP-VO3SPUR with PID 20208 (C:\Users\user\IdeaProjects\Project1\target\classes started by user in C:\Users\user\IdeaProjects\Project1)
2022-07-28 16:51:10.849  INFO 20208 --- [main] c.example.project1.Project1Application   : No active profile set, falling back to 1 default profile: "default"
2022-07-28 16:51:11.174  INFO 20208 --- [main] .s.d.r.c.RepositoryConfigurationDelegate : Bootstrapping Spring Data R2DBC repositories in DEFAULT mode.
2022-07-28 16:51:11.211  INFO 20208 --- [main] .s.d.r.c.RepositoryConfigurationDelegate : Finished Spring Data repository scanning in 34 ms. Found 1 R2DBC repository interfaces.
2022-07-28 16:51:12.615 DEBUG 20208 --- [main] s.w.r.r.m.a.RequestMappingHandlerMapping : 4 mappings in 'requestMappingHandlerMapping'
2022-07-28 16:51:12.625 DEBUG 20208 --- [main] o.s.w.r.handler.SimpleUrlHandlerMapping  : Patterns [/webjars/**, /**] in 'resourceHandlerMapping'
2022-07-28 16:51:12.640 DEBUG 20208 --- [main] o.s.w.r.r.m.a.ControllerMethodResolver   : ControllerAdvice beans: none
2022-07-28 16:51:12.654 DEBUG 20208 --- [main] o.s.w.s.adapter.HttpWebHandlerAdapter    : enableLoggingRequestDetails='false': form data and headers will be masked to prevent unsafe logging of potentially sensitive data
2022-07-28 16:51:12.875  INFO 20208 --- [main] o.s.b.web.embedded.netty.NettyWebServer  : Netty started on port 8080
2022-07-28 16:51:12.882  INFO 20208 --- [main] c.example.project1.Project1Application   : Started Project1Application in 2.314 seconds (JVM running for 2.865)
2022-07-28 16:51:59.299  INFO 13304 --- [main] c.example.project1.Project1Application   : Starting Project1Application using Java 11.0.15 on DESKTOP-VO3SPUR with PID 13304 (C:\Users\user\IdeaProjects\Project1\target\classes started by user in C:\Users\user\IdeaProjects\Project1)
2022-07-28 16:51:59.303  INFO 13304 --- [main] c.example.project1.Project1Application   : No active profile set, falling back to 1 default profile: "default"
2022-07-28 16:51:59.636  INFO 13304 --- [main] .s.d.r.c.RepositoryConfigurationDelegate : Bootstrapping Spring Data R2DBC repositories in DEFAULT mode.
2022-07-28 16:51:59.671  INFO 13304 --- [main] .s.d.r.c.RepositoryConfigurationDelegate : Finished Spring Data repository scanning in 31 ms. Found 1 R2DBC repository interfaces.
2022-07-28 16:52:01.052 DEBUG 13304 --- [main] s.w.r.r.m.a.RequestMappingHandlerMapping : 4 mappings in 'requestMappingHandlerMapping'
2022-07-28 16:52:01.062 DEBUG 13304 --- [main] o.s.w.r.handler.SimpleUrlHandlerMapping  : Patterns [/webjars/**, /**] in 'resourceHandlerMapping'
2022-07-28 16:52:01.076 DEBUG 13304 --- [main] o.s.w.r.r.m.a.ControllerMethodResolver   : ControllerAdvice beans: none
2022-07-28 16:52:01.090 DEBUG 13304 --- [main] o.s.w.s.adapter.HttpWebHandlerAdapter    : enableLoggingRequestDetails='false': form data and headers will be masked to prevent unsafe logging of potentially sensitive data
2022-07-28 16:52:01.301  INFO 13304 --- [main] o.s.b.web.embedded.netty.NettyWebServer  : Netty started on port 8080
2022-07-28 16:52:01.308  INFO 13304 --- [main] c.example.project1.Project1Application   : Started Project1Application in 2.279 seconds (JVM running for 2.881)
2022-07-28 16:52:37.992  INFO 17008 --- [main] c.example.project1.Project1Application   : Starting Project1Application using Java 11.0.15 on DESKTOP-VO3SPUR with PID 17008 (C:\Users\user\IdeaProjects\Project1\target\classes started by user in C:\Users\user\IdeaProjects\Project1)
2022-07-28 16:52:37.994  INFO 17008 --- [main] c.example.project1.Project1Application   : No active profile set, falling back to 1 default profile: "default"
2022-07-28 16:52:38.329  INFO 17008 --- [main] .s.d.r.c.RepositoryConfigurationDelegate : Bootstrapping Spring Data R2DBC repositories in DEFAULT mode.
2022-07-28 16:52:38.370  INFO 17008 --- [main] .s.d.r.c.RepositoryConfigurationDelegate : Finished Spring Data repository scanning in 38 ms. Found 1 R2DBC repository interfaces.
2022-07-28 16:52:39.720 DEBUG 17008 --- [main] s.w.r.r.m.a.RequestMappingHandlerMapping : 4 mappings in 'requestMappingHandlerMapping'
2022-07-28 16:52:39.731 DEBUG 17008 --- [main] o.s.w.r.handler.SimpleUrlHandlerMapping  : Patterns [/webjars/**, /**] in 'resourceHandlerMapping'
2022-07-28 16:52:39.747 DEBUG 17008 --- [main] o.s.w.r.r.m.a.ControllerMethodResolver   : ControllerAdvice beans: none
2022-07-28 16:52:39.762 DEBUG 17008 --- [main] o.s.w.s.adapter.HttpWebHandlerAdapter    : enableLoggingRequestDetails='false': form data and headers will be masked to prevent unsafe logging of potentially sensitive data
2022-07-28 16:52:39.983  INFO 17008 --- [main] o.s.b.web.embedded.netty.NettyWebServer  : Netty started on port 8080
2022-07-28 16:52:39.991  INFO 17008 --- [main] c.example.project1.Project1Application   : Started Project1Application in 2.279 seconds (JVM running for 2.846)
2022-07-28 16:56:52.168  INFO 19004 --- [main] c.example.project1.Project1Application   : Starting Project1Application using Java 11.0.15 on DESKTOP-VO3SPUR with PID 19004 (C:\Users\user\IdeaProjects\Project1\target\classes started by user in C:\Users\user\IdeaProjects\Project1)
2022-07-28 16:56:52.170  INFO 19004 --- [main] c.example.project1.Project1Application   : No active profile set, falling back to 1 default profile: "default"
2022-07-28 16:56:52.503  INFO 19004 --- [main] .s.d.r.c.RepositoryConfigurationDelegate : Bootstrapping Spring Data R2DBC repositories in DEFAULT mode.
2022-07-28 16:56:52.538  INFO 19004 --- [main] .s.d.r.c.RepositoryConfigurationDelegate : Finished Spring Data repository scanning in 32 ms. Found 1 R2DBC repository interfaces.
2022-07-28 16:56:53.969 DEBUG 19004 --- [main] s.w.r.r.m.a.RequestMappingHandlerMapping : 4 mappings in 'requestMappingHandlerMapping'
2022-07-28 16:56:53.980 DEBUG 19004 --- [main] o.s.w.r.handler.SimpleUrlHandlerMapping  : Patterns [/webjars/**, /**] in 'resourceHandlerMapping'
2022-07-28 16:56:54.005 DEBUG 19004 --- [main] o.s.w.r.r.m.a.ControllerMethodResolver   : ControllerAdvice beans: none
2022-07-28 16:56:54.021 DEBUG 19004 --- [main] o.s.w.s.adapter.HttpWebHandlerAdapter    : enableLoggingRequestDetails='false': form data and headers will be masked to prevent unsafe logging of potentially sensitive data
2022-07-28 16:56:54.240  INFO 19004 --- [main] o.s.b.web.embedded.netty.NettyWebServer  : Netty started on port 8080
2022-07-28 16:56:54.247  INFO 19004 --- [main] c.example.project1.Project1Application   : Started Project1Application in 2.363 seconds (JVM running for 2.924)
2022-07-28 16:57:04.882 DEBUG 19004 --- [reactor-http-nio-3] o.s.w.s.adapter.HttpWebHandlerAdapter    : [2b609cd9-1] HTTP POST "/auth/rabbit-sender"
2022-07-28 16:57:04.925 DEBUG 19004 --- [parallel-2] o.s.w.s.s.DefaultWebSessionManager       : Created new WebSession.
2022-07-28 16:57:04.937 DEBUG 19004 --- [parallel-2] s.w.r.r.m.a.RequestMappingHandlerMapping : [2b609cd9-1] Mapped to com.example.project1.controller.AuthController#RabbitMQSender(String)
2022-07-28 16:57:04.944 DEBUG 19004 --- [parallel-2] .r.m.a.RequestBodyMethodArgumentResolver : [2b609cd9-1] Content-Type:application/json
2022-07-28 16:57:04.946 DEBUG 19004 --- [parallel-2] .r.m.a.RequestBodyMethodArgumentResolver : [2b609cd9-1] 0..1 [java.lang.String]
2022-07-28 16:57:04.956 DEBUG 19004 --- [reactor-http-nio-3] org.springframework.web.HttpLogging      : [2b609cd9-1] Decoded "{<EOL><EOL>    "message": "Message to RabbitMQReceiver"<EOL><EOL>}"
2022-07-28 16:57:04.978 DEBUG 19004 --- [reactor-http-nio-3] o.s.w.r.r.m.a.ResponseBodyResultHandler  : [2b609cd9-1] Using 'text/plain;charset=UTF-8' given [*/*] and supported [text/plain;charset=UTF-8, text/event-stream, text/plain;charset=UTF-8, */*]
2022-07-28 16:57:04.978 DEBUG 19004 --- [reactor-http-nio-3] o.s.w.r.r.m.a.ResponseBodyResultHandler  : [2b609cd9-1] 0..1 [java.lang.String]
2022-07-28 16:57:04.981 DEBUG 19004 --- [reactor-http-nio-3] org.springframework.web.HttpLogging      : [2b609cd9-1] Writing "Your message was successfully sent"
2022-07-28 16:57:04.992 DEBUG 19004 --- [reactor-http-nio-3] o.s.w.s.adapter.HttpWebHandlerAdapter    : [2b609cd9-1] Completed 200 OK
2022-07-28 16:59:26.271 ERROR 19004 --- [auth_project_robot Telegram Connection] o.t.t.u.DefaultBotSession                : api.telegram.org:443 failed to respond

org.apache.http.NoHttpResponseException: api.telegram.org:443 failed to respond
	at org.apache.http.impl.conn.DefaultHttpResponseParser.parseHead(DefaultHttpResponseParser.java:141) ~[httpclient-4.5.13.jar:4.5.13]
	at org.apache.http.impl.conn.DefaultHttpResponseParser.parseHead(DefaultHttpResponseParser.java:56) ~[httpclient-4.5.13.jar:4.5.13]
	at org.apache.http.impl.io.AbstractMessageParser.parse(AbstractMessageParser.java:259) ~[httpcore-4.4.15.jar:4.4.15]
	at org.apache.http.impl.DefaultBHttpClientConnection.receiveResponseHeader(DefaultBHttpClientConnection.java:163) ~[httpcore-4.4.15.jar:4.4.15]
	at org.apache.http.impl.conn.CPoolProxy.receiveResponseHeader(CPoolProxy.java:157) ~[httpclient-4.5.13.jar:4.5.13]
	at org.apache.http.protocol.HttpRequestExecutor.doReceiveResponse(HttpRequestExecutor.java:273) ~[httpcore-4.4.15.jar:4.4.15]
	at org.apache.http.protocol.HttpRequestExecutor.execute(HttpRequestExecutor.java:125) ~[httpcore-4.4.15.jar:4.4.15]
	at org.apache.http.impl.execchain.MainClientExec.execute(MainClientExec.java:272) ~[httpclient-4.5.13.jar:4.5.13]
	at org.apache.http.impl.execchain.ProtocolExec.execute(ProtocolExec.java:186) ~[httpclient-4.5.13.jar:4.5.13]
	at org.apache.http.impl.execchain.RetryExec.execute(RetryExec.java:89) ~[httpclient-4.5.13.jar:4.5.13]
	at org.apache.http.impl.execchain.RedirectExec.execute(RedirectExec.java:110) ~[httpclient-4.5.13.jar:4.5.13]
	at org.apache.http.impl.client.InternalHttpClient.doExecute(InternalHttpClient.java:185) ~[httpclient-4.5.13.jar:4.5.13]
	at org.apache.http.impl.client.CloseableHttpClient.execute(CloseableHttpClient.java:83) ~[httpclient-4.5.13.jar:4.5.13]
	at org.telegram.telegrambots.updatesreceivers.DefaultBotSession$ReaderThread.getUpdatesFromServer(DefaultBotSession.java:250) ~[telegrambots-6.1.0.jar:na]
	at org.telegram.telegrambots.updatesreceivers.DefaultBotSession$ReaderThread.run(DefaultBotSession.java:189) ~[telegrambots-6.1.0.jar:na]

2022-07-28 17:05:07.064 DEBUG 19004 --- [reactor-http-nio-3] o.s.w.s.adapter.HttpWebHandlerAdapter    : [2b609cd9-2] HTTP POST "/auth/rabbit-sender"
2022-07-28 17:05:07.067 DEBUG 19004 --- [parallel-3] o.s.w.s.s.DefaultWebSessionManager       : Created new WebSession.
2022-07-28 17:05:07.069 DEBUG 19004 --- [parallel-3] s.w.r.r.m.a.RequestMappingHandlerMapping : [2b609cd9-2] Mapped to com.example.project1.controller.AuthController#RabbitMQSender(String)
2022-07-28 17:05:07.070 DEBUG 19004 --- [parallel-3] .r.m.a.RequestBodyMethodArgumentResolver : [2b609cd9-2] Content-Type:application/json
2022-07-28 17:05:07.070 DEBUG 19004 --- [parallel-3] .r.m.a.RequestBodyMethodArgumentResolver : [2b609cd9-2] 0..1 [java.lang.String]
2022-07-28 17:05:07.070 DEBUG 19004 --- [reactor-http-nio-3] org.springframework.web.HttpLogging      : [2b609cd9-2] Decoded "{<EOL><EOL>    "message": "Message to RabbitMQReceiver 1"<EOL><EOL>}"
2022-07-28 17:05:07.082 DEBUG 19004 --- [reactor-http-nio-3] o.s.w.r.r.m.a.ResponseBodyResultHandler  : [2b609cd9-2] Using 'text/plain;charset=UTF-8' given [*/*] and supported [text/plain;charset=UTF-8, text/event-stream, text/plain;charset=UTF-8, */*]
2022-07-28 17:05:07.082 DEBUG 19004 --- [reactor-http-nio-3] o.s.w.r.r.m.a.ResponseBodyResultHandler  : [2b609cd9-2] 0..1 [java.lang.String]
2022-07-28 17:05:07.082 DEBUG 19004 --- [reactor-http-nio-3] org.springframework.web.HttpLogging      : [2b609cd9-2] Writing "Your message was successfully sent"
2022-07-28 17:05:07.084 DEBUG 19004 --- [reactor-http-nio-3] o.s.w.s.adapter.HttpWebHandlerAdapter    : [2b609cd9-2] Completed 200 OK
